<?xml version="1.0" encoding="UTF-8"?>
<!-- Generated by org.testng.reporters.JUnitReportReporter -->
<testsuite hostname="DESKTOP-D4EK8RK" name="com.CoA.qa.TestCases.JobPageTest" tests="1" failures="0" timestamp="16 Aug 2019 21:19:45 GMT" time="271.697" errors="0">
  <testcase name="ServiceandTimeStampTest" time="271.697" classname="com.CoA.qa.TestCases.JobPageTest"/>
</testsuite> <!-- com.CoA.qa.TestCases.JobPageTest -->
