<?xml version="1.0" encoding="UTF-8"?>
<!-- Generated by org.testng.reporters.JUnitReportReporter -->
<testsuite hostname="DESKTOP-D4EK8RK" name="com.CoA.qa.TestCases.LoginPageTest" tests="1" failures="0" timestamp="16 Aug 2019 18:15:01 GMT" time="122.020" errors="0">
  <testcase name="loginTest" time="122.020" classname="com.CoA.qa.TestCases.LoginPageTest"/>
</testsuite> <!-- com.CoA.qa.TestCases.LoginPageTest -->
